<?xml version="1.0" encoding="UTF-8"?>
<robot generator="Robot 6.0.1 (Python 3.10.4 on darwin)" generated="20250411 11:26:03.417" rpa="false" schemaversion="3">
<suite id="s1" name="Sample Test" source="/Users/cinemaxxi/rsaputra/arras/Testing-m.dot/tests/sample_test.robot">
<test id="s1-t1" name="Valid Login Test" line="16">
<kw name="Open Browser" library="SeleniumLibrary" type="SETUP">
<arg>${URL}</arg>
<arg>${BROWSER}</arg>
<doc>Opens a new browser instance to the optional ``url``.</doc>
<msg timestamp="20250411 11:26:03.512" level="INFO">Opening browser 'firefox' to base url 'https://m-new.cinema21.co.id/id'.</msg>
<msg timestamp="20250411 11:26:03.513" level="INFO">Firefox driver log is always forced to to: /Users/cinemaxxi/rsaputra/arras/Testing-m.dot/results/geckodriver-4.log</msg>
<status status="PASS" starttime="20250411 11:26:03.512" endtime="20250411 11:26:10.309"/>
</kw>
<kw name="Maximize Browser Window" library="SeleniumLibrary">
<doc>Maximizes current browser window.</doc>
<status status="PASS" starttime="20250411 11:26:10.310" endtime="20250411 11:26:10.936"/>
</kw>
<kw name="Submit Login Homepage">
<kw name="Wait Until Element Is Visible" library="SeleniumLibrary">
<arg>//a[text()='Login']</arg>
<doc>Waits until the element ``locator`` is visible.</doc>
<status status="PASS" starttime="20250411 11:26:10.936" endtime="20250411 11:26:11.488"/>
</kw>
<kw name="Click Element" library="SeleniumLibrary">
<arg>//a[text()='Login']</arg>
<doc>Click the element identified by ``locator``.</doc>
<msg timestamp="20250411 11:26:11.488" level="INFO">Clicking element '//a[text()='Login']'.</msg>
<status status="PASS" starttime="20250411 11:26:11.488" endtime="20250411 11:26:11.751"/>
</kw>
<status status="PASS" starttime="20250411 11:26:10.936" endtime="20250411 11:26:11.751"/>
</kw>
<kw name="Input Username And Password">
<kw name="Wait Until Element Is Visible" library="SeleniumLibrary">
<arg>//input[contains(@id, 'input')]</arg>
<doc>Waits until the element ``locator`` is visible.</doc>
<status status="PASS" starttime="20250411 11:26:11.752" endtime="20250411 11:26:14.048"/>
</kw>
<kw name="Wait Until Element Is Visible" library="SeleniumLibrary">
<arg>//input[@id='password']</arg>
<doc>Waits until the element ``locator`` is visible.</doc>
<status status="PASS" starttime="20250411 11:26:14.048" endtime="20250411 11:26:14.056"/>
</kw>
<kw name="Input Text" library="SeleniumLibrary">
<arg>//input[contains(@id, 'input')]</arg>
<arg>${USERNAME}</arg>
<doc>Types the given ``text`` into the text field identified by ``locator``.</doc>
<msg timestamp="20250411 11:26:14.057" level="INFO">Typing text '0821212121' into text field '//input[contains(@id, 'input')]'.</msg>
<status status="PASS" starttime="20250411 11:26:14.056" endtime="20250411 11:26:14.094"/>
</kw>
<kw name="Input Text" library="SeleniumLibrary">
<arg>//input[@id='password']</arg>
<arg>${PASSWORD}</arg>
<doc>Types the given ``text`` into the text field identified by ``locator``.</doc>
<msg timestamp="20250411 11:26:14.094" level="INFO">Typing text '212121' into text field '//input[@id='password']'.</msg>
<status status="PASS" starttime="20250411 11:26:14.094" endtime="20250411 11:26:14.115"/>
</kw>
<status status="PASS" starttime="20250411 11:26:11.752" endtime="20250411 11:26:14.116"/>
</kw>
<kw name="Submit Login Form">
<kw name="Wait Until Element Is Visible" library="SeleniumLibrary">
<arg>//button[text()='Login']</arg>
<doc>Waits until the element ``locator`` is visible.</doc>
<status status="PASS" starttime="20250411 11:26:14.116" endtime="20250411 11:26:14.128"/>
</kw>
<kw name="Click Element" library="SeleniumLibrary">
<arg>//button[text()='Login']</arg>
<doc>Click the element identified by ``locator``.</doc>
<msg timestamp="20250411 11:26:14.128" level="INFO">Clicking element '//button[text()='Login']'.</msg>
<status status="PASS" starttime="20250411 11:26:14.128" endtime="20250411 11:26:14.360"/>
</kw>
<status status="PASS" starttime="20250411 11:26:14.116" endtime="20250411 11:26:14.360"/>
</kw>
<kw name="Input OTP">
<kw name="Wait Until Element Is Visible" library="SeleniumLibrary">
<arg>//div[@class='FormOtp_form__U62ob']</arg>
<doc>Waits until the element ``locator`` is visible.</doc>
<msg timestamp="20250411 11:26:19.510" level="INFO" html="true">&lt;/td&gt;&lt;/tr&gt;&lt;tr&gt;&lt;td colspan="3"&gt;&lt;a href="selenium-screenshot-4.png"&gt;&lt;img src="selenium-screenshot-4.png" width="800px"&gt;&lt;/a&gt;</msg>
<msg timestamp="20250411 11:26:19.511" level="FAIL">Element '//div[@class='FormOtp_form__U62ob']' not visible after 5 seconds.</msg>
<status status="FAIL" starttime="20250411 11:26:14.360" endtime="20250411 11:26:19.512"/>
</kw>
<kw name="Get Length" library="BuiltIn">
<var>${length}</var>
<arg>${OTP}</arg>
<doc>Returns and logs the length of the given item as an integer.</doc>
<status status="NOT RUN" starttime="20250411 11:26:19.512" endtime="20250411 11:26:19.512"/>
</kw>
<for flavor="IN RANGE">
<var>${index}</var>
<value>0</value>
<value>${length}</value>
<iter>
<var name="${index}"/>
<kw name="Input Text" library="SeleniumLibrary">
<arg>//input[${index + 1}]</arg>
<arg>${OTP[${index}]}</arg>
<doc>Types the given ``text`` into the text field identified by ``locator``.</doc>
<status status="NOT RUN" starttime="20250411 11:26:19.512" endtime="20250411 11:26:19.513"/>
</kw>
<status status="NOT RUN" starttime="20250411 11:26:19.512" endtime="20250411 11:26:19.513"/>
</iter>
<status status="NOT RUN" starttime="20250411 11:26:19.512" endtime="20250411 11:26:19.513"/>
</for>
<status status="FAIL" starttime="20250411 11:26:14.360" endtime="20250411 11:26:19.513"/>
</kw>
<kw name="Verify Login Success">
<status status="NOT RUN" starttime="20250411 11:26:19.513" endtime="20250411 11:26:19.513"/>
</kw>
<kw name="Submit User Button">
<status status="NOT RUN" starttime="20250411 11:26:19.513" endtime="20250411 11:26:19.513"/>
</kw>
<kw name="Submit Logout Button">
<status status="NOT RUN" starttime="20250411 11:26:19.513" endtime="20250411 11:26:19.513"/>
</kw>
<kw name="Submit Yes Button">
<status status="NOT RUN" starttime="20250411 11:26:19.513" endtime="20250411 11:26:19.513"/>
</kw>
<kw name="Close Browser" library="SeleniumLibrary" type="TEARDOWN">
<doc>Closes the current browser.</doc>
<status status="PASS" starttime="20250411 11:26:19.513" endtime="20250411 11:26:19.881"/>
</kw>
<status status="FAIL" starttime="20250411 11:26:03.512" endtime="20250411 11:26:19.881">Element '//div[@class='FormOtp_form__U62ob']' not visible after 5 seconds.</status>
</test>
<test id="s1-t2" name="Veriry registrasi" line="27">
<kw name="Open Browser" library="SeleniumLibrary" type="SETUP">
<arg>${URL}</arg>
<arg>${BROWSER}</arg>
<doc>Opens a new browser instance to the optional ``url``.</doc>
<msg timestamp="20250411 11:26:19.882" level="INFO">Opening browser 'firefox' to base url 'https://m-new.cinema21.co.id/id'.</msg>
<msg timestamp="20250411 11:26:19.883" level="INFO">Firefox driver log is always forced to to: /Users/cinemaxxi/rsaputra/arras/Testing-m.dot/results/geckodriver-5.log</msg>
<status status="PASS" starttime="20250411 11:26:19.881" endtime="20250411 11:26:26.173"/>
</kw>
<kw name="Maximize Browser Window" library="SeleniumLibrary">
<doc>Maximizes current browser window.</doc>
<status status="PASS" starttime="20250411 11:26:26.174" endtime="20250411 11:26:26.772"/>
</kw>
<kw name="Submit Login Homepage">
<kw name="Wait Until Element Is Visible" library="SeleniumLibrary">
<arg>//a[text()='Login']</arg>
<doc>Waits until the element ``locator`` is visible.</doc>
<status status="PASS" starttime="20250411 11:26:26.773" endtime="20250411 11:26:27.270"/>
</kw>
<kw name="Click Element" library="SeleniumLibrary">
<arg>//a[text()='Login']</arg>
<doc>Click the element identified by ``locator``.</doc>
<msg timestamp="20250411 11:26:27.270" level="INFO">Clicking element '//a[text()='Login']'.</msg>
<status status="PASS" starttime="20250411 11:26:27.270" endtime="20250411 11:26:27.537"/>
</kw>
<status status="PASS" starttime="20250411 11:26:26.772" endtime="20250411 11:26:27.537"/>
</kw>
<kw name="Close Browser" library="SeleniumLibrary" type="TEARDOWN">
<doc>Closes the current browser.</doc>
<status status="PASS" starttime="20250411 11:26:27.538" endtime="20250411 11:26:27.985"/>
</kw>
<status status="PASS" starttime="20250411 11:26:19.881" endtime="20250411 11:26:27.985"/>
</test>
<status status="FAIL" starttime="20250411 11:26:03.418" endtime="20250411 11:26:27.986"/>
</suite>
<statistics>
<total>
<stat pass="1" fail="1" skip="0">All Tests</stat>
</total>
<tag>
</tag>
<suite>
<stat pass="1" fail="1" skip="0" id="s1" name="Sample Test">Sample Test</stat>
</suite>
</statistics>
<errors>
</errors>
</robot>
